# JRE version: Java(TM) SE Runtime Environment (8.0_191-b12) (build 1.8.0_191-b12)
# Java VM: Java HotSpot(TM) Client VM (25.191-b12 mixed mode windows-x86 )
Heap:
 def new generation   total 157248K, used 157248K [0x05200000, 0x0fca0000, 0x0fca0000)
  eden space 139776K, 100% used [0x05200000, 0x0da80000, 0x0da80000)
  from space 17472K, 100% used [0x0eb90000, 0x0fca0000, 0x0fca0000)
  to   space 17472K,   0% used [0x0da80000, 0x0da80000, 0x0eb90000)
 tenured generation   total 349568K, used 349567K [0x0fca0000, 0x25200000, 0x25200000)
   the space 349568K,  99% used [0x0fca0000, 0x251ffff8, 0x25200000, 0x25200000)
 Metaspace       used 23237K, capacity 23860K, committed 23936K, reserved 23936K
GC Heap History (10 events):
Event: 4396.718 GC heap before
{Heap before GC invocations=291 (full 69):
 def new generation   total 157248K, used 157240K [0x05200000, 0x0fca0000, 0x0fca0000)
  eden space 139776K, 100% used [0x05200000, 0x0da80000, 0x0da80000)
  from space 17472K,  99% used [0x0eb90000, 0x0fc9e0d8, 0x0fca0000)
  to   space 17472K,   0% used [0x0da80000, 0x0da80000, 0x0eb90000)
 tenured generation   total 349568K, used 349567K [0x0fca0000, 0x25200000, 0x25200000)
   the space 349568K,  99% used [0x0fca0000, 0x251fffb0, 0x25200000, 0x25200000)
 Metaspace       used 23237K, capacity 23860K, committed 23936K, reserved 23936K
Event: 4396.999 GC heap after
Heap after GC invocations=292 (full 70):
 def new generation   total 157248K, used 157219K [0x05200000, 0x0fca0000, 0x0fca0000)
  eden space 139776K, 100% used [0x05200000, 0x0da80000, 0x0da80000)
  from space 17472K,  99% used [0x0eb90000, 0x0fc98ea8, 0x0fca0000)
  to   space 17472K,   0% used [0x0da80000, 0x0da80000, 0x0eb90000)
 tenured generation   total 349568K, used 349567K [0x0fca0000, 0x25200000, 0x25200000)
   the space 349568K,  99% used [0x0fca0000, 0x251fffb0, 0x25200000, 0x25200000)
 Metaspace       used 23237K, capacity 23860K, committed 23936K, reserved 23936K
}
Event: 4397.000 GC heap before
{Heap before GC invocations=292 (full 70):
 def new generation   total 157248K, used 157246K [0x05200000, 0x0fca0000, 0x0fca0000)
  eden space 139776K, 100% used [0x05200000, 0x0da80000, 0x0da80000)
  from space 17472K,  99% used [0x0eb90000, 0x0fc9fbb0, 0x0fca0000)
  to   space 17472K,   0% used [0x0da80000, 0x0da80000, 0x0eb90000)
 tenured generation   total 349568K, used 349567K [0x0fca0000, 0x25200000, 0x25200000)
   the space 349568K,  99% used [0x0fca0000, 0x251fffb0, 0x25200000, 0x25200000)
 Metaspace       used 23237K, capacity 23860K, committed 23936K, reserved 23936K
Event: 4397.271 GC heap after
Heap after GC invocations=293 (full 71):
 def new generation   total 157248K, used 157232K [0x05200000, 0x0fca0000, 0x0fca0000)
  eden space 139776K, 100% used [0x05200000, 0x0da80000, 0x0da80000)
  from space 17472K,  99% used [0x0eb90000, 0x0fc9c248, 0x0fca0000)
  to   space 17472K,   0% used [0x0da80000, 0x0da80000, 0x0eb90000)
 tenured generation   total 349568K, used 349567K [0x0fca0000, 0x25200000, 0x25200000)
   the space 349568K,  99% used [0x0fca0000, 0x251fffb0, 0x25200000, 0x25200000)
 Metaspace       used 23237K, capacity 23860K, committed 23936K, reserved 23936K
}
Event: 4397.271 GC heap before
{Heap before GC invocations=293 (full 71):
 def new generation   total 157248K, used 157248K [0x05200000, 0x0fca0000, 0x0fca0000)
  eden space 139776K, 100% used [0x05200000, 0x0da80000, 0x0da80000)
  from space 17472K, 100% used [0x0eb90000, 0x0fca0000, 0x0fca0000)
  to   space 17472K,   0% used [0x0da80000, 0x0da80000, 0x0eb90000)
 tenured generation   total 349568K, used 349568K [0x0fca0000, 0x25200000, 0x25200000)
   the space 349568K, 100% used [0x0fca0000, 0x25200000, 0x25200000, 0x25200000)
 Metaspace       used 23237K, capacity 23860K, committed 23936K, reserved 23936K
Event: 4397.599 GC heap after
Heap after GC invocations=294 (full 72):
 def new generation   total 157248K, used 157235K [0x05200000, 0x0fca0000, 0x0fca0000)
  eden space 139776K,  99% used [0x05200000, 0x0da7fd30, 0x0da80000)
  from space 17472K,  99% used [0x0eb90000, 0x0fc9d100, 0x0fca0000)
  to   space 17472K,   0% used [0x0da80000, 0x0da80000, 0x0eb90000)
 tenured generation   total 349568K, used 349567K [0x0fca0000, 0x25200000, 0x25200000)
   the space 349568K,  99% used [0x0fca0000, 0x251ffd30, 0x251ffe00, 0x25200000)
 Metaspace       used 23237K, capacity 23860K, committed 23936K, reserved 23936K
}
Event: 4397.599 GC heap before
{Heap before GC invocations=294 (full 72):
 def new generation   total 157248K, used 157247K [0x05200000, 0x0fca0000, 0x0fca0000)
  eden space 139776K, 100% used [0x05200000, 0x0da80000, 0x0da80000)
  from space 17472K,  99% used [0x0eb90000, 0x0fc9fc40, 0x0fca0000)
  to   space 17472K,   0% used [0x0da80000, 0x0da80000, 0x0eb90000)
 tenured generation   total 349568K, used 349567K [0x0fca0000, 0x25200000, 0x25200000)
   the space 349568K,  99% used [0x0fca0000, 0x251ffd30, 0x251ffe00, 0x25200000)
 Metaspace       used 23237K, capacity 23860K, committed 23936K, reserved 23936K
Event: 4397.875 GC heap after
Heap after GC invocations=295 (full 73):
 def new generation   total 157248K, used 157245K [0x05200000, 0x0fca0000, 0x0fca0000)
  eden space 139776K,  99% used [0x05200000, 0x0da7fe18, 0x0da80000)
  from space 17472K,  99% used [0x0eb90000, 0x0fc9f6d0, 0x0fca0000)
  to   space 17472K,   0% used [0x0da80000, 0x0da80000, 0x0eb90000)
 tenured generation   total 349568K, used 349567K [0x0fca0000, 0x25200000, 0x25200000)
   the space 349568K,  99% used [0x0fca0000, 0x251ffd30, 0x251ffe00, 0x25200000)
 Metaspace       used 23237K, capacity 23860K, committed 23936K, reserved 23936K
}
Event: 4397.875 GC heap before
{Heap before GC invocations=295 (full 73):
 def new generation   total 157248K, used 157245K [0x05200000, 0x0fca0000, 0x0fca0000)
  eden space 139776K,  99% used [0x05200000, 0x0da7fe18, 0x0da80000)
  from space 17472K,  99% used [0x0eb90000, 0x0fc9f6d0, 0x0fca0000)
  to   space 17472K,   0% used [0x0da80000, 0x0da80000, 0x0eb90000)
 tenured generation   total 349568K, used 349567K [0x0fca0000, 0x25200000, 0x25200000)
   the space 349568K,  99% used [0x0fca0000, 0x251ffd30, 0x251ffe00, 0x25200000)
 Metaspace       used 23237K, capacity 23860K, committed 23936K, reserved 23936K
Event: 4398.146 GC heap after
Heap after GC invocations=296 (full 74):
 def new generation   total 157248K, used 157245K [0x05200000, 0x0fca0000, 0x0fca0000)
  eden space 139776K,  99% used [0x05200000, 0x0da7fe18, 0x0da80000)
  from space 17472K,  99% used [0x0eb90000, 0x0fc9f6d0, 0x0fca0000)
  to   space 17472K,   0% used [0x0da80000, 0x0da80000, 0x0eb90000)
 tenured generation   total 349568K, used 349567K [0x0fca0000, 0x25200000, 0x25200000)
   the space 349568K,  99% used [0x0fca0000, 0x251ffd10, 0x251ffe00, 0x25200000)
 Metaspace       used 23237K, capacity 23860K, committed 23936K, reserved 23936K
}

